<?xml version="1.0" encoding="UTF-8"?>
<!-- Generated by org.testng.reporters.JUnitReportReporter -->
<testsuite hostname="LAPTOP-46GGCEMD" failures="0" tests="3" name="ppppractice.TestNG111.ContactTest" time="0.011" errors="0" timestamp="2024-06-11T15:48:12 IST" skipped="0">
  <testcase classname="ppppractice.TestNG111.ContactTest" name="createContactTest" time="0.009"/>
  <testcase classname="ppppractice.TestNG111.ContactTest" name="deleteContactTest" time="0.001"/>
  <testcase classname="ppppractice.TestNG111.ContactTest" name="modifyContactTest" time="0.001"/>
</testsuite> <!-- ppppractice.TestNG111.ContactTest -->
