<?xml version="1.0" encoding="UTF-8"?>
<!-- Generated by org.testng.reporters.JUnitReportReporter -->
<testsuite hostname="LAPTOP-46GGCEMD" failures="0" tests="1" name="DataDrivenTesting.SampleUnitTestCheckProjectInBackend" time="0.574" errors="0" timestamp="22 May 2024 13:44:29 GMT" skipped="0">
  <testcase classname="DataDrivenTesting.SampleUnitTestCheckProjectInBackend" name="projectCheckTest" time="0.574"/>
</testsuite> <!-- DataDrivenTesting.SampleUnitTestCheckProjectInBackend -->
