<?xml version="1.0" encoding="UTF-8"?>
<!-- Generated by org.testng.reporters.JUnitReportReporter -->
<testsuite hostname="LAPTOP-46GGCEMD" failures="0" tests="1" name="com.pac1.CreateContactTest" time="0.007" errors="0" timestamp="2024-06-11T17:58:22 IST" skipped="0">
  <testcase classname="com.pac1.CreateContactTest" name="createContact" time="0.007"/>
</testsuite> <!-- com.pac1.CreateContactTest -->
