<?xml version="1.0" encoding="UTF-8"?>
<!-- Generated by org.testng.reporters.JUnitReportReporter -->
<testsuite hostname="LAPTOP-46GGCEMD" failures="0" tests="3" name="ppppractice.TestNG111.CreateContact_DP2" time="0.008" errors="0" timestamp="2024-06-07T20:28:13 IST" skipped="0">
  <testcase classname="ppppractice.TestNG111.CreateContact_DP2" name="createContactTest" time="0.005"/>
  <testcase classname="ppppractice.TestNG111.CreateContact_DP2" name="createContactTest" time="0.002"/>
  <testcase classname="ppppractice.TestNG111.CreateContact_DP2" name="createContactTest" time="0.001"/>
</testsuite> <!-- ppppractice.TestNG111.CreateContact_DP2 -->
