<?xml version="1.0" encoding="UTF-8"?>
<!-- Generated by org.testng.reporters.JUnitReportReporter -->
<testsuite hostname="LAPTOP-46GGCEMD" failures="0" tests="1" name="DataDrivenTesting.ReadDataFromXmlFile" time="0.010" errors="0" timestamp="21 May 2024 12:28:41 GMT" skipped="0">
  <testcase classname="DataDrivenTesting.ReadDataFromXmlFile" name="sampletest" time="0.010"/>
</testsuite> <!-- DataDrivenTesting.ReadDataFromXmlFile -->
