<?xml version="1.0" encoding="UTF-8"?>
<!-- Generated by org.testng.reporters.JUnitReportReporter -->
<testsuite hostname="LAPTOP-46GGCEMD" failures="0" tests="1" name="maven_proj.MavenSampleTest" time="0.023" errors="0" timestamp="2024-05-17T14:52:28 IST" skipped="0">
  <testcase classname="maven_proj.MavenSampleTest" name="mavendemo" time="0.023"/>
  <system-out/>
</testsuite> <!-- maven_proj.MavenSampleTest -->
