<?xml version="1.0" encoding="UTF-8"?>
<!-- Generated by org.testng.reporters.JUnitReportReporter -->
<testsuite hostname="LAPTOP-46GGCEMD" failures="0" tests="2" name="ppppractice.TestNG111.sampleTest" time="0.011" errors="0" timestamp="2024-05-31T13:04:09 IST" skipped="0">
  <testcase classname="ppppractice.TestNG111.sampleTest" name="test111" time="0.002"/>
  <testcase classname="ppppractice.TestNG111.sampleTest" name="test11" time="0.009"/>
</testsuite> <!-- ppppractice.TestNG111.sampleTest -->
