<?xml version="1.0" encoding="UTF-8"?>
<!-- Generated by org.testng.reporters.JUnitReportReporter -->
<testsuite hostname="LAPTOP-46GGCEMD" failures="0" tests="2" name="practice.hometest.HomePageSampletest" time="3.691" errors="0" timestamp="2024-06-04T19:18:50 IST" skipped="0">
  <testcase classname="practice.hometest.HomePageSampletest" name="verifyLogoHomePageTest" time="0.002">
    <system-out>
      <![CDATA[verifyLogoHomePageTestTest Start
Step1
Step2
Step3
Step4
verifyLogoHomePageTestTEST END]]>
    </system-out>
  </testcase> <!-- verifyLogoHomePageTest -->
  <testcase classname="practice.hometest.HomePageSampletest" name="homePagetest" time="3.689">
    <system-out>
      <![CDATA[homePagetestTest Start
Step1
Step2
Step3
homePagetestTEST END]]>
    </system-out>
  </testcase> <!-- homePagetest -->
  <system-out>
    <![CDATA[homePagetestTest Start
Step1
Step2
Step3
homePagetestTEST END
verifyLogoHomePageTestTest Start
Step1
Step2
Step3
Step4
verifyLogoHomePageTestTEST END]]>
  </system-out>
</testsuite> <!-- practice.hometest.HomePageSampletest -->
