<?xml version="1.0" encoding="UTF-8"?>
<!-- Generated by org.testng.reporters.JUnitReportReporter -->
<testsuite hostname="LAPTOP-46GGCEMD" failures="0" tests="1" name="ppppractice.TestNG111.Samplereporttest" time="0.015" errors="0" timestamp="2024-06-06T18:04:22 IST" skipped="0">
  <testcase classname="ppppractice.TestNG111.Samplereporttest" name="createContactWithPhoneNumber" time="0.015"/>
</testsuite> <!-- ppppractice.TestNG111.Samplereporttest -->
