<?xml version="1.0" encoding="UTF-8"?>
<!-- Generated by org.testng.reporters.JUnitReportReporter -->
<testsuite hostname="LAPTOP-46GGCEMD" failures="0" tests="3" name="ppppractice.TestNG111.GetProductionInfoTest" time="115.065" errors="0" timestamp="2024-06-03T16:24:46 IST" skipped="0">
  <testcase classname="ppppractice.TestNG111.GetProductionInfoTest" name="getProductionInfoTest" time="21.443"/>
  <testcase classname="ppppractice.TestNG111.GetProductionInfoTest" name="getProductionInfoTest" time="75.728"/>
  <testcase classname="ppppractice.TestNG111.GetProductionInfoTest" name="getProductionInfoTest" time="17.894"/>
</testsuite> <!-- ppppractice.TestNG111.GetProductionInfoTest -->
