<?xml version="1.0" encoding="UTF-8"?>
<!-- Generated by org.testng.reporters.JUnitReportReporter -->
<testsuite hostname="LAPTOP-46GGCEMD" failures="0" tests="3" name="ppppractice.TestNG111.CreateContact_DP_Test" time="0.008" errors="0" timestamp="2024-06-07T20:28:03 IST" skipped="0">
  <testcase classname="ppppractice.TestNG111.CreateContact_DP_Test" name="createContactTest" time="0.006"/>
  <testcase classname="ppppractice.TestNG111.CreateContact_DP_Test" name="createContactTest" time="0.001"/>
  <testcase classname="ppppractice.TestNG111.CreateContact_DP_Test" name="createContactTest" time="0.001"/>
</testsuite> <!-- ppppractice.TestNG111.CreateContact_DP_Test -->
