<?xml version="1.0" encoding="UTF-8"?>
<!-- Generated by org.testng.reporters.JUnitReportReporter -->
<testsuite hostname="LAPTOP-46GGCEMD" failures="0" tests="11" name="ppppractice.TestNG111.Order_Test2" time="0.021" errors="0" timestamp="2024-05-31T18:23:08 IST" skipped="1">
  <testcase classname="ppppractice.TestNG111.Order_Test2" name="createOrderTest" time="0.001"/>
  <testcase classname="ppppractice.TestNG111.Order_Test2" name="createOrderTest" time="0.002"/>
  <testcase classname="ppppractice.TestNG111.Order_Test2" name="createOrderTest" time="0.002"/>
  <testcase classname="ppppractice.TestNG111.Order_Test2" name="createOrderTest" time="0.002"/>
  <testcase classname="ppppractice.TestNG111.Order_Test2" name="createOrderTest" time="0.002"/>
  <testcase classname="ppppractice.TestNG111.Order_Test2" name="createOrderTest" time="0.001"/>
  <testcase classname="ppppractice.TestNG111.Order_Test2" name="createOrderTest" time="0.001"/>
  <testcase classname="ppppractice.TestNG111.Order_Test2" name="createOrderTest" time="0.001"/>
  <testcase classname="ppppractice.TestNG111.Order_Test2" name="createOrderTest" time="0.008"/>
  <testcase classname="ppppractice.TestNG111.Order_Test2" name="createOrderTest" time="0.001"/>
  <testcase classname="ppppractice.TestNG111.Order_Test2" name="billingAnOrder">
    <skipped/>
  </testcase> <!-- billingAnOrder -->
</testsuite> <!-- ppppractice.TestNG111.Order_Test2 -->
