<?xml version="1.0" encoding="UTF-8"?>
<!-- Generated by org.testng.reporters.JUnitReportReporter -->
<testsuite hostname="LAPTOP-46GGCEMD" failures="0" tests="1" name="pac2.CreateOrg" time="0.007" errors="0" timestamp="2024-06-11T15:44:35 IST" skipped="0">
  <testcase classname="pac2.CreateOrg" name="createTest" time="0.007"/>
</testsuite> <!-- pac2.CreateOrg -->
