<?xml version="1.0" encoding="UTF-8"?>
<!-- Generated by org.testng.reporters.JUnitReportReporter -->
<testsuite hostname="LAPTOP-46GGCEMD" failures="0" tests="3" name="ppppractice.TestNG111.ContactTest" time="0.011" errors="0" timestamp="2024-05-31T18:01:42 IST" skipped="0">
  <testcase classname="ppppractice.TestNG111.ContactTest" name="createContactTest" time="0.007"/>
  <testcase classname="ppppractice.TestNG111.ContactTest" name="deleteContactTest" time="0.002"/>
  <testcase classname="ppppractice.TestNG111.ContactTest" name="modifyContactTest" time="0.002"/>
</testsuite> <!-- ppppractice.TestNG111.ContactTest -->
